<?xml version="1.0" encoding="UTF-8"?>
<!-- Generated by org.testng.reporters.JUnitXMLReporter -->
<testsuite hostname="asda1704po02529" name="Any Name" tests="6" failures="0" timestamp="27 Jun 2018 04:48:15 GMT" time="3.842" errors="0">
  <testcase name="firstPageRedBox" time="0.16" classname="test.AppTest"/>
  <testcase name="firstPage" time="0.161" classname="test.AppTest"/>
  <testcase name="secondPage" time="0.691" classname="test.AppTest"/>
  <testcase name="thirdPage" time="0.213" classname="test.AppTest"/>
  <testcase name="fourthPage" time="0.354" classname="test.AppTest"/>
  <testcase name="fifthPage" time="0.215" classname="test.AppTest"/>
</testsuite> <!-- Any Name -->
