<?xml version="1.0" encoding="UTF-8"?>
<!-- Generated by org.testng.reporters.JUnitXMLReporter -->
<testsuite hostname="asda1704po02529" name="First Test" tests="6" failures="0" timestamp="27 Jun 2018 09:08:07 GMT" time="4.62" errors="0">
  <testcase name="firstPageRedBox" time="0.134" classname="test.AppTest"/>
  <testcase name="firstPage" time="0.144" classname="test.AppTest"/>
  <testcase name="secondPage" time="1.726" classname="test.AppTest"/>
  <testcase name="thirdPage" time="0.27" classname="test.AppTest"/>
  <testcase name="fourthPage" time="0.34" classname="test.AppTest"/>
  <testcase name="fifthPage" time="0.172" classname="test.AppTest"/>
</testsuite> <!-- First Test -->
